Log file open, 05/04/17 22:37:17
LogInit:Display: Running engine for game: TapperPrototype
LogPlatformFile: Not using cached read wrapper
LogInit:Display: RandInit(-1280674297) SRandInit(-1280674297).
LogTaskGraph: Started task graph with 5 named threads and 6 total threads with 1 sets of task threads.
LogStats: Stats thread started at 0.063140
LogPluginManager: Loaded Plugin Paper2D, From D:/Program Files/Epic Games/UE_4.14/Engine/Plugins/2D/Paper2D/Paper2D.uplugin
LogPluginManager: Loaded Plugin LightPropagationVolume, From D:/Program Files/Epic Games/UE_4.14/Engine/Plugins/Blendables/LightPropagationVolume/LightPropagationVolume.uplugin
LogPluginManager: Loaded Plugin BlankPlugin, From D:/Program Files/Epic Games/UE_4.14/Engine/Plugins/Developer/BlankPlugin/BlankPlugin.uplugin
LogPluginManager: Loaded Plugin CodeLiteSourceCodeAccess, From D:/Program Files/Epic Games/UE_4.14/Engine/Plugins/Developer/CodeLiteSourceCodeAccess/CodeLiteSourceCodeAccess.uplugin
LogPluginManager: Loaded Plugin GitSourceControl, From D:/Program Files/Epic Games/UE_4.14/Engine/Plugins/Developer/GitSourceControl/GitSourceControl.uplugin
LogPluginManager: Loaded Plugin KDevelopSourceCodeAccess, From D:/Program Files/Epic Games/UE_4.14/Engine/Plugins/Developer/KDevelopSourceCodeAccess/KDevelopSourceCodeAccess.uplugin
LogPluginManager: Loaded Plugin NullSourceCodeAccess, From D:/Program Files/Epic Games/UE_4.14/Engine/Plugins/Developer/NullSourceCodeAccess/NullSourceCodeAccess.uplugin
LogPluginManager: Loaded Plugin OneSkyLocalizationService, From D:/Program Files/Epic Games/UE_4.14/Engine/Plugins/Developer/OneSkyLocalizationService/OneSkyLocalizationService.uplugin
LogPluginManager: Loaded Plugin PerforceSourceControl, From D:/Program Files/Epic Games/UE_4.14/Engine/Plugins/Developer/PerforceSourceControl/PerforceSourceControl.uplugin
LogPluginManager: Loaded Plugin SubversionSourceControl, From D:/Program Files/Epic Games/UE_4.14/Engine/Plugins/Developer/SubversionSourceControl/SubversionSourceControl.uplugin
LogPluginManager: Loaded Plugin UObjectPlugin, From D:/Program Files/Epic Games/UE_4.14/Engine/Plugins/Developer/UObjectPlugin/UObjectPlugin.uplugin
LogPluginManager: Loaded Plugin VisualStudioSourceCodeAccess, From D:/Program Files/Epic Games/UE_4.14/Engine/Plugins/Developer/VisualStudioSourceCodeAccess/VisualStudioSourceCodeAccess.uplugin
LogPluginManager: Loaded Plugin XCodeSourceCodeAccess, From D:/Program Files/Epic Games/UE_4.14/Engine/Plugins/Developer/XCodeSourceCodeAccess/XCodeSourceCodeAccess.uplugin
LogPluginManager: Loaded Plugin AudioCapture, From D:/Program Files/Epic Games/UE_4.14/Engine/Plugins/Editor/AudioCapture/AudioCapture.uplugin
LogPluginManager: Loaded Plugin EpicSurvey, From D:/Program Files/Epic Games/UE_4.14/Engine/Plugins/Editor/EpicSurvey/EpicSurvey.uplugin
LogPluginManager: Loaded Plugin MacGraphicsSwitching, From D:/Program Files/Epic Games/UE_4.14/Engine/Plugins/Editor/MacGraphicsSwitching/MacGraphicsSwitching.uplugin
LogPluginManager: Loaded Plugin MobileLauncherProfileWizard, From D:/Program Files/Epic Games/UE_4.14/Engine/Plugins/Editor/MobileLauncherProfileWizard/MobileLauncherProfileWizard.uplugin
LogPluginManager: Loaded Plugin PluginBrowser, From D:/Program Files/Epic Games/UE_4.14/Engine/Plugins/Editor/PluginBrowser/PluginBrowser.uplugin
LogPluginManager: Loaded Plugin SpeedTreeImporter, From D:/Program Files/Epic Games/UE_4.14/Engine/Plugins/Editor/SpeedTreeImporter/SpeedTreeImporter.uplugin
LogPluginManager: Loaded Plugin SuperSearchEditor, From D:/Program Files/Epic Games/UE_4.14/Engine/Plugins/Editor/SuperSearchEditor/SuperSearchEditor.uplugin
LogPluginManager: Loaded Plugin AlembicImporter, From D:/Program Files/Epic Games/UE_4.14/Engine/Plugins/Experimental/AlembicImporter/AlembicImporter.uplugin
LogPluginManager: Loaded Plugin BlueprintStats, From D:/Program Files/Epic Games/UE_4.14/Engine/Plugins/Experimental/BlueprintStats/BlueprintStats.uplugin
LogPluginManager: Loaded Plugin CharacterAI, From D:/Program Files/Epic Games/UE_4.14/Engine/Plugins/Experimental/CharacterAI/CharacterAI.uplugin
LogPluginManager: Loaded Plugin CodeEditor, From D:/Program Files/Epic Games/UE_4.14/Engine/Plugins/Experimental/CodeEditor/CodeEditor.uplugin
LogPluginManager: Loaded Plugin CodeView, From D:/Program Files/Epic Games/UE_4.14/Engine/Plugins/Experimental/CodeView/CodeView.uplugin
LogPluginManager: Loaded Plugin HTML5Networking, From D:/Program Files/Epic Games/UE_4.14/Engine/Plugins/Experimental/HTML5Networking/HTML5Networking.uplugin
LogPluginManager: Loaded Plugin OSVR, From D:/Program Files/Epic Games/UE_4.14/Engine/Plugins/Experimental/OSVR/OSVR.uplugin
LogPluginManager: Loaded Plugin Phya, From D:/Program Files/Epic Games/UE_4.14/Engine/Plugins/Experimental/Phya/Phya.uplugin
LogPluginManager: Loaded Plugin SignificanceManager, From D:/Program Files/Epic Games/UE_4.14/Engine/Plugins/Experimental/SignificanceManager/SignificanceManager.uplugin
LogPluginManager: Loaded Plugin SimpleHMD, From D:/Program Files/Epic Games/UE_4.14/Engine/Plugins/Experimental/SimpleHMD/SimpleHMD.uplugin
LogPluginManager: Loaded Plugin StereoPanorama, From D:/Program Files/Epic Games/UE_4.14/Engine/Plugins/Experimental/StereoPanorama/StereoPanorama.uplugin
LogPluginManager: Loaded Plugin StructBox, From D:/Program Files/Epic Games/UE_4.14/Engine/Plugins/Experimental/StructBox/StructBox.uplugin
LogPluginManager: Loaded Plugin AndroidMedia, From D:/Program Files/Epic Games/UE_4.14/Engine/Plugins/Media/AndroidMedia/AndroidMedia.uplugin
LogPluginManager: Loaded Plugin AvfMedia, From D:/Program Files/Epic Games/UE_4.14/Engine/Plugins/Media/AvfMedia/AvfMedia.uplugin
LogPluginManager: Loaded Plugin MediaPlayerEditor, From D:/Program Files/Epic Games/UE_4.14/Engine/Plugins/Media/MediaPlayerEditor/MediaPlayerEditor.uplugin
LogPluginManager: Loaded Plugin WmfMedia, From D:/Program Files/Epic Games/UE_4.14/Engine/Plugins/Media/WmfMedia/WmfMedia.uplugin
LogPluginManager: Loaded Plugin MessagingDebugger, From D:/Program Files/Epic Games/UE_4.14/Engine/Plugins/Messaging/MessagingDebugger/MessagingDebugger.uplugin
LogPluginManager: Loaded Plugin TcpMessaging, From D:/Program Files/Epic Games/UE_4.14/Engine/Plugins/Messaging/TcpMessaging/TcpMessaging.uplugin
LogPluginManager: Loaded Plugin UdpMessaging, From D:/Program Files/Epic Games/UE_4.14/Engine/Plugins/Messaging/UdpMessaging/UdpMessaging.uplugin
LogPluginManager: Loaded Plugin LevelSequenceEditor, From D:/Program Files/Epic Games/UE_4.14/Engine/Plugins/MovieScene/LevelSequenceEditor/LevelSequenceEditor.uplugin
LogPluginManager: Loaded Plugin MatineeToLevelSequence, From D:/Program Files/Epic Games/UE_4.14/Engine/Plugins/MovieScene/MatineeToLevelSequence/MatineeToLevelSequence.uplugin
LogPluginManager: Loaded Plugin NetcodeUnitTest, From D:/Program Files/Epic Games/UE_4.14/Engine/Plugins/NetcodeUnitTest/NetcodeUnitTest/NetcodeUnitTest.uplugin
LogPluginManager: Loaded Plugin NUTUnrealEngine4, From D:/Program Files/Epic Games/UE_4.14/Engine/Plugins/NetcodeUnitTest/NUTUnrealEngine4/NUTUnrealEngine4.uplugin
LogPluginManager: Loaded Plugin OnlineSubsystemGameCircle, From D:/Program Files/Epic Games/UE_4.14/Engine/Plugins/Online/Android/OnlineSubsystemGameCircle/OnlineSubsystemGameCircle.uplugin
LogPluginManager: Loaded Plugin OnlineSubsystemGooglePlay, From D:/Program Files/Epic Games/UE_4.14/Engine/Plugins/Online/Android/OnlineSubsystemGooglePlay/OnlineSubsystemGooglePlay.uplugin
LogPluginManager: Loaded Plugin OnlineSubsystemIOS, From D:/Program Files/Epic Games/UE_4.14/Engine/Plugins/Online/IOS/OnlineSubsystemIOS/OnlineSubsystemIOS.uplugin
LogPluginManager: Loaded Plugin OnlineFramework, From D:/Program Files/Epic Games/UE_4.14/Engine/Plugins/Online/OnlineFramework/OnlineFramework.uplugin
LogPluginManager: Loaded Plugin OnlineSubsystem, From D:/Program Files/Epic Games/UE_4.14/Engine/Plugins/Online/OnlineSubsystem/OnlineSubsystem.uplugin
LogPluginManager: Loaded Plugin OnlineSubsystemAmazon, From D:/Program Files/Epic Games/UE_4.14/Engine/Plugins/Online/OnlineSubsystemAmazon/OnlineSubsystemAmazon.uplugin
LogPluginManager: Loaded Plugin OnlineSubsystemFacebook, From D:/Program Files/Epic Games/UE_4.14/Engine/Plugins/Online/OnlineSubsystemFacebook/OnlineSubsystemFacebook.uplugin
LogPluginManager: Loaded Plugin OnlineSubsystemNull, From D:/Program Files/Epic Games/UE_4.14/Engine/Plugins/Online/OnlineSubsystemNull/OnlineSubsystemNull.uplugin
LogPluginManager: Loaded Plugin OnlineSubsystemOculus, From D:/Program Files/Epic Games/UE_4.14/Engine/Plugins/Online/OnlineSubsystemOculus/OnlineSubsystemOculus.uplugin
LogPluginManager: Loaded Plugin OnlineSubsystemSteam, From D:/Program Files/Epic Games/UE_4.14/Engine/Plugins/Online/OnlineSubsystemSteam/OnlineSubsystemSteam.uplugin
LogPluginManager: Loaded Plugin OnlineSubsystemUtils, From D:/Program Files/Epic Games/UE_4.14/Engine/Plugins/Online/OnlineSubsystemUtils/OnlineSubsystemUtils.uplugin
LogPluginManager: Loaded Plugin IOSTapJoy, From D:/Program Files/Epic Games/UE_4.14/Engine/Plugins/Runtime/Advertising/IOSTapJoy/IOSTapJoy.uplugin
LogPluginManager: Loaded Plugin AnalyticsBlueprintLibrary, From D:/Program Files/Epic Games/UE_4.14/Engine/Plugins/Runtime/Analytics/AnalyticsBlueprintLibrary/AnalyticsBlueprintLibrary.uplugin
LogPluginManager: Loaded Plugin AnalyticsMulticast, From D:/Program Files/Epic Games/UE_4.14/Engine/Plugins/Runtime/Analytics/AnalyticsMulticast/AnalyticsMulticast.uplugin
LogPluginManager: Loaded Plugin Apsalar, From D:/Program Files/Epic Games/UE_4.14/Engine/Plugins/Runtime/Analytics/Apsalar/Apsalar.uplugin
LogPluginManager: Loaded Plugin FileLogging, From D:/Program Files/Epic Games/UE_4.14/Engine/Plugins/Runtime/Analytics/FileLogging/FileLogging.uplugin
LogPluginManager: Loaded Plugin Flurry, From D:/Program Files/Epic Games/UE_4.14/Engine/Plugins/Runtime/Analytics/Flurry/Flurry.uplugin
LogPluginManager: Loaded Plugin AndroidDeviceProfileSelector, From D:/Program Files/Epic Games/UE_4.14/Engine/Plugins/Runtime/AndroidDeviceProfileSelector/AndroidDeviceProfileSelector.uplugin
LogPluginManager: Loaded Plugin AndroidMoviePlayer, From D:/Program Files/Epic Games/UE_4.14/Engine/Plugins/Runtime/AndroidMoviePlayer/AndroidMoviePlayer.uplugin
LogPluginManager: Loaded Plugin AppleMoviePlayer, From D:/Program Files/Epic Games/UE_4.14/Engine/Plugins/Runtime/AppleMoviePlayer/AppleMoviePlayer.uplugin
LogPluginManager: Loaded Plugin ArchVisCharacter, From D:/Program Files/Epic Games/UE_4.14/Engine/Plugins/Runtime/ArchVisCharacter/ArchVisCharacter.uplugin
LogPluginManager: Loaded Plugin CableComponent, From D:/Program Files/Epic Games/UE_4.14/Engine/Plugins/Runtime/CableComponent/CableComponent.uplugin
LogPluginManager: Loaded Plugin CustomMeshComponent, From D:/Program Files/Epic Games/UE_4.14/Engine/Plugins/Runtime/CustomMeshComponent/CustomMeshComponent.uplugin
LogPluginManager: Loaded Plugin ExampleDeviceProfileSelector, From D:/Program Files/Epic Games/UE_4.14/Engine/Plugins/Runtime/ExampleDeviceProfileSelector/ExampleDeviceProfileSelector.uplugin
LogPluginManager: Loaded Plugin GearVR, From D:/Program Files/Epic Games/UE_4.14/Engine/Plugins/Runtime/GearVR/GearVR.uplugin
LogPluginManager: Loaded Plugin GoogleVRController, From D:/Program Files/Epic Games/UE_4.14/Engine/Plugins/Runtime/GoogleVR/GoogleVRController/GoogleVRController.uplugin
LogPluginManager: Loaded Plugin GoogleVRHMD, From D:/Program Files/Epic Games/UE_4.14/Engine/Plugins/Runtime/GoogleVR/GoogleVRHMD/GoogleVRHMD.uplugin
LogPluginManager: Loaded Plugin IOSDeviceProfileSelector, From D:/Program Files/Epic Games/UE_4.14/Engine/Plugins/Runtime/IOSDeviceProfileSelector/IOSDeviceProfileSelector.uplugin
LogPluginManager: Loaded Plugin LeapMotion, From D:/Program Files/Epic Games/UE_4.14/Engine/Plugins/Runtime/LeapMotion/LeapMotion.uplugin
LogPluginManager: Loaded Plugin LinuxDeviceProfileSelector, From D:/Program Files/Epic Games/UE_4.14/Engine/Plugins/Runtime/LinuxDeviceProfileSelector/LinuxDeviceProfileSelector.uplugin
LogPluginManager: Loaded Plugin MIDIDevice, From D:/Program Files/Epic Games/UE_4.14/Engine/Plugins/Runtime/MIDIDevice/MIDIDevice.uplugin
LogPluginManager: Loaded Plugin MobilePatchingUtils, From D:/Program Files/Epic Games/UE_4.14/Engine/Plugins/Runtime/MobilePatchingUtils/MobilePatchingUtils.uplugin
LogPluginManager: Loaded Plugin Ansel, From D:/Program Files/Epic Games/UE_4.14/Engine/Plugins/Runtime/Nvidia/Ansel/Ansel.uplugin
LogPluginManager: Loaded Plugin OculusAudio, From D:/Program Files/Epic Games/UE_4.14/Engine/Plugins/Runtime/OculusAudio/OculusAudio.uplugin
LogPluginManager: Loaded Plugin OculusInput, From D:/Program Files/Epic Games/UE_4.14/Engine/Plugins/Runtime/OculusInput/OculusInput.uplugin
LogPluginManager: Loaded Plugin OculusLibrary, From D:/Program Files/Epic Games/UE_4.14/Engine/Plugins/Runtime/OculusLibrary/OculusLibrary.uplugin
LogPluginManager: Loaded Plugin OculusRift, From D:/Program Files/Epic Games/UE_4.14/Engine/Plugins/Runtime/OculusRift/OculusRift.uplugin
LogPluginManager: Loaded Plugin Oodle, From D:/Program Files/Epic Games/UE_4.14/Engine/Plugins/Runtime/PacketHandlers/CompressionComponents/Oodle/Oodle.uplugin
LogPluginManager: Loaded Plugin ProceduralMeshComponent, From D:/Program Files/Epic Games/UE_4.14/Engine/Plugins/Runtime/ProceduralMeshComponent/ProceduralMeshComponent.uplugin
LogPluginManager: Loaded Plugin SoundMod, From D:/Program Files/Epic Games/UE_4.14/Engine/Plugins/Runtime/SoundMod/SoundMod.uplugin
LogPluginManager: Loaded Plugin SoundVisualizations, From D:/Program Files/Epic Games/UE_4.14/Engine/Plugins/Runtime/SoundVisualizations/SoundVisualizations.uplugin
LogPluginManager: Loaded Plugin SteamController, From D:/Program Files/Epic Games/UE_4.14/Engine/Plugins/Runtime/Steam/SteamController/SteamController.uplugin
LogPluginManager: Loaded Plugin SteamVR, From D:/Program Files/Epic Games/UE_4.14/Engine/Plugins/Runtime/Steam/SteamVR/SteamVR.uplugin
LogPluginManager: Loaded Plugin WebBrowserWidget, From D:/Program Files/Epic Games/UE_4.14/Engine/Plugins/Runtime/WebBrowserWidget/WebBrowserWidget.uplugin
LogPluginManager: Loaded Plugin WindowsDeviceProfileSelector, From D:/Program Files/Epic Games/UE_4.14/Engine/Plugins/Runtime/WindowsDeviceProfileSelector/WindowsDeviceProfileSelector.uplugin
LogPluginManager: Loaded Plugin WindowsMoviePlayer, From D:/Program Files/Epic Games/UE_4.14/Engine/Plugins/Runtime/WindowsMoviePlayer/WindowsMoviePlayer.uplugin
LogPluginManager: Loaded Plugin ScriptPlugin, From D:/Program Files/Epic Games/UE_4.14/Engine/Plugins/ScriptPlugin/ScriptPlugin.uplugin
LogPluginManager: Loaded Plugin SlateRemote, From D:/Program Files/Epic Games/UE_4.14/Engine/Plugins/Slate/SlateRemote/SlateRemote.uplugin
LogPluginManager: Loaded Plugin EditorTests, From D:/Program Files/Epic Games/UE_4.14/Engine/Plugins/Tests/EditorTests/EditorTests.uplugin
LogPluginManager: Loaded Plugin FbxAutomationTestBuilder, From D:/Program Files/Epic Games/UE_4.14/Engine/Plugins/Tests/FbxAutomationTestBuilder/FbxAutomationTestBuilder.uplugin
LogPluginManager: Loaded Plugin FunctionalTestingEditor, From D:/Program Files/Epic Games/UE_4.14/Engine/Plugins/Tests/FunctionalTestingEditor/FunctionalTestingEditor.uplugin
LogPluginManager: Loaded Plugin RuntimeTests, From D:/Program Files/Epic Games/UE_4.14/Engine/Plugins/Tests/RuntimeTests/RuntimeTests.uplugin
LogPluginManager: Loaded Plugin ScreenshotTools, From D:/Program Files/Epic Games/UE_4.14/Engine/Plugins/Tests/ScreenshotTools/ScreenshotTools.uplugin
LogInit: Using libcurl 7.47.1
LogInit:  - built for x86_64-pc-win32
LogInit:  - supports SSL with OpenSSL/1.0.2g
LogInit:  - supports HTTP deflate (compression) using libz 1.2.8
LogInit:  - other features:
LogInit:      CURL_VERSION_SSL
LogInit:      CURL_VERSION_LIBZ
LogInit:      CURL_VERSION_IPV6
LogInit:      CURL_VERSION_ASYNCHDNS
LogInit:      CURL_VERSION_LARGEFILE
LogInit:      CURL_VERSION_IDN
LogInit:  CurlRequestOptions (configurable via config and command line):
LogInit:  - bVerifyPeer = false  - Libcurl will NOT verify peer certificate
LogInit:  - bUseHttpProxy = false  - Libcurl will NOT use HTTP proxy
LogInit:  - bDontReuseConnections = false  - Libcurl will reuse connections
LogInit:  - CertBundlePath = nullptr  - Libcurl will use whatever was configured at build time.
LogInit: Build: ++UE4+Release-4.14-CL-3249277
LogInit: Engine Version: 4.14.3-3249277+++UE4+Release-4.14
LogInit: Compatible Engine Version: 4.14.0-3195953+++UE4+Release-4.14
LogInit: Net CL: 3195953
LogDevObjectVersion: Number of dev versions registered: 13
LogDevObjectVersion:   Dev-Blueprints (B0D832E4-1F89-4F0D-ACCF-7EB736FD4AA2): 7
LogDevObjectVersion:   Dev-Build (E1C64328-A22C-4D53-A36C-8E866417BD8C): 0
LogDevObjectVersion:   Dev-Core (375EC13C-06E4-48FB-B500-84F0262A717E): 1
LogDevObjectVersion:   Dev-Editor (E4B068ED-F494-42E9-A231-DA0B2E46BB41): 8
LogDevObjectVersion:   Dev-Framework (CFFC743F-43B0-4480-9391-14DF171D2073): 17
LogDevObjectVersion:   Dev-Mobile (B02B49B5-BB20-44E9-A304-32B752E40360): 0
LogDevObjectVersion:   Dev-Networking (A4E4105C-59A1-49B5-A7C5-40C4547EDFEE): 0
LogDevObjectVersion:   Dev-Online (39C831C9-5AE6-47DC-9A44-9C173E1C8E7C): 0
LogDevObjectVersion:   Dev-Physics (78F01B33-EBEA-4F98-B9B4-84EACCB95AA2): 0
LogDevObjectVersion:   Dev-Platform (6631380F-2D4D-43E0-8009-CF276956A95A): 0
LogDevObjectVersion:   Dev-Rendering (12F88B9F-8875-4AFC-A67C-D90C383ABD29): 12
LogDevObjectVersion:   Dev-Sequencer (7B5AE74C-D270-4C10-A958-57980B212A5A): 1
LogDevObjectVersion:   Dev-VR (D7296918-1DD6-4BDD-9DE2-64A83CC13884): 0
LogInit: Compiled (64-bit): Jan  6 2017 10:49:43
LogInit: Compiled with Visual C++: 19.00.23026.00
LogInit: Build Configuration: Development
LogInit: Branch Name: ++UE4+Release-4.14
LogInit: Command line: -EpicPortal 
LogInit: Base directory: D:/Program Files/Epic Games/UE_4.14/Engine/Binaries/Win64/
LogInit: Installed Engine Build: 1
LogInit: Presizing for max 8388607 objects, including 0 objects not considered by GC, pre-allocating 0 bytes for permanent pool.
LogInit: Object subsystem initialized
[2017.05.05-01.37.17:680][  0]LogInit: Selected Device Profile: [Windows]
[2017.05.05-01.37.17:680][  0]LogInit: Applying CVar settings loaded from the selected device profile: [Windows]
[2017.05.05-01.37.17:689][  0]LogInit: Computer: DESKTOP-0GVEVF5
[2017.05.05-01.37.17:689][  0]LogInit: User: User
[2017.05.05-01.37.17:689][  0]LogInit: CPU Page size=65536, Cores=2
[2017.05.05-01.37.17:689][  0]LogInit: High frequency timer resolution =3.515619 MHz
[2017.05.05-01.37.17:689][  0]LogMemory: Memory total: Physical=7.9GB (8GB approx)
[2017.05.05-01.37.17:689][  0]LogMemory: Platform Memory Stats for Windows
[2017.05.05-01.37.17:689][  0]LogMemory: Process Physical Memory: 263.58 MB used, 263.58 MB peak
[2017.05.05-01.37.17:689][  0]LogMemory: Process Virtual Memory: 262.13 MB used, 262.13 MB peak
[2017.05.05-01.37.17:689][  0]LogMemory: Physical Memory: 5206.16 MB used,  2913.86 MB free, 8120.02 MB total
[2017.05.05-01.37.17:689][  0]LogMemory: Virtual Memory: 674.62 MB used,  2913.86 MB free, 134217728.00 MB total
[2017.05.05-01.37.17:711][  0]LogTextLocalizationManager: No specific translations for ('en-US') exist, so ('en') translations will be used.
[2017.05.05-01.37.18:451][  0]LogD3D11RHI: D3D11 adapters:
[2017.05.05-01.37.18:463][  0]LogD3D11RHI:    0. 'AMD Radeon R9 200 Series' (Feature Level 11_0)
[2017.05.05-01.37.18:463][  0]LogD3D11RHI:       2029/0/4060 MB DedicatedVideo/DedicatedSystem/SharedSystem, Outputs:1, VendorId:0x1002
[2017.05.05-01.37.18:464][  0]LogD3D11RHI:    1. 'Microsoft Basic Render Driver' (Feature Level 11_0)
[2017.05.05-01.37.18:464][  0]LogD3D11RHI:       0/0/4060 MB DedicatedVideo/DedicatedSystem/SharedSystem, Outputs:0, VendorId:0x1414
[2017.05.05-01.37.18:464][  0]LogD3D11RHI: Chosen D3D11 Adapter: 0
[2017.05.05-01.37.18:469][  0]LogD3D11RHI: Creating new Direct3DDevice
[2017.05.05-01.37.18:469][  0]LogD3D11RHI:     GPU DeviceId: 0x6810 (for the marketing name, search the web for "GPU Device Id")
[2017.05.05-01.37.18:469][  0]LogWindows: EnumDisplayDevices:
[2017.05.05-01.37.18:469][  0]LogWindows:    0. 'AMD Radeon R9 200 Series' (P:1 D:1)
[2017.05.05-01.37.18:469][  0]LogWindows:    1. 'AMD Radeon R9 200 Series' (P:0 D:0)
[2017.05.05-01.37.18:469][  0]LogWindows:    2. 'AMD Radeon R9 200 Series' (P:0 D:0)
[2017.05.05-01.37.18:469][  0]LogWindows:    3. 'AMD Radeon R9 200 Series' (P:0 D:0)
[2017.05.05-01.37.18:470][  0]LogWindows:    4. 'AMD Radeon R9 200 Series' (P:0 D:0)
[2017.05.05-01.37.18:470][  0]LogWindows:    5. 'AMD Radeon R9 200 Series' (P:0 D:0)
[2017.05.05-01.37.18:470][  0]LogWindows: DebugString: FoundDriverCount:6 
[2017.05.05-01.37.18:470][  0]LogD3D11RHI:     Adapter Name: AMD Radeon R9 200 Series
[2017.05.05-01.37.18:470][  0]LogD3D11RHI:   Driver Version: Crimson ReLive 17.3.2 (internal:21.19.525.0, unified:21.19.525.0)
[2017.05.05-01.37.18:470][  0]LogD3D11RHI:      Driver Date: 3-10-2017
[2017.05.05-01.37.18:470][  0]LogRHI: Texture pool is 1361 MB (70% of 1945 MB)
[2017.05.05-01.37.18:482][  0]LogD3D11RHI: Async texture creation enabled
[2017.05.05-01.37.18:493][  0]LogD3D11RHI: GPU Timing Frequency: 27.000000 (Debug: 2 1)
[2017.05.05-01.37.18:494][  0]LogShaderCompilers: Guid format shader working directory is -22 characters bigger than the processId version (../../../../../../Eugênia/Documents/Unreal Projects/TapperPrototype/Intermediate/Shaders/WorkingDirectory/5520/).
[2017.05.05-01.37.18:495][  0]LogShaderCompilers: Cleaned the shader compiler working directory 'C:/Users/User/AppData/Local/Temp/UnrealShaderWorkingDir/B2BA293D4001D11E13BEF6BAFB07958A/'.
[2017.05.05-01.37.18:495][  0]LogShaderCompilers:Display: Using Local Shader Compiler.
[2017.05.05-01.37.19:873][  0]LogTemp:Display: Loaded TP AllDesktopTargetPlatform
[2017.05.05-01.37.19:918][  0]LogTemp:Display: Loaded TP MacClientTargetPlatform
[2017.05.05-01.37.19:959][  0]LogTemp:Display: Loaded TP MacNoEditorTargetPlatform
[2017.05.05-01.37.20:002][  0]LogTemp:Display: Loaded TP MacServerTargetPlatform
[2017.05.05-01.37.20:042][  0]LogTemp:Display: Loaded TP MacTargetPlatform
[2017.05.05-01.37.20:087][  0]LogTemp:Display: Loaded TP WindowsClientTargetPlatform
[2017.05.05-01.37.20:133][  0]LogTemp:Display: Loaded TP WindowsNoEditorTargetPlatform
[2017.05.05-01.37.20:176][  0]LogTemp:Display: Loaded TP WindowsServerTargetPlatform
[2017.05.05-01.37.20:222][  0]LogTemp:Display: Loaded TP WindowsTargetPlatform
[2017.05.05-01.37.20:281][  0]LogTemp:Display: Loaded TP AndroidTargetPlatform
[2017.05.05-01.37.20:340][  0]LogTemp:Display: Loaded TP Android_ASTCTargetPlatform
[2017.05.05-01.37.20:391][  0]LogTemp:Display: Loaded TP Android_ATCTargetPlatform
[2017.05.05-01.37.20:433][  0]LogTemp:Display: Loaded TP Android_DXTTargetPlatform
[2017.05.05-01.37.20:472][  0]LogTemp:Display: Loaded TP Android_ETC1TargetPlatform
[2017.05.05-01.37.20:510][  0]LogTemp:Display: Loaded TP Android_ETC2TargetPlatform
[2017.05.05-01.37.20:594][  0]LogTemp:Display: Loaded TP Android_MultiTargetPlatform
[2017.05.05-01.37.20:594][  0]LogTemp:Display: Loaded TP Android_PVRTCTargetPlatform
[2017.05.05-01.37.20:622][  0]LogTemp:Display: Loaded TP HTML5TargetPlatform
[2017.05.05-01.37.20:708][  0]LogTemp:Display: Loaded TP IOSTargetPlatform
[2017.05.05-01.37.20:758][  0]LogTemp:Display: Loaded TP TVOSTargetPlatform
[2017.05.05-01.37.20:823][  0]LogTemp:Display: Loaded TP LinuxClientTargetPlatform
[2017.05.05-01.37.20:889][  0]LogTemp:Display: Loaded TP LinuxNoEditorTargetPlatform
[2017.05.05-01.37.20:946][  0]LogTemp:Display: Loaded TP LinuxServerTargetPlatform
[2017.05.05-01.37.20:991][  0]LogTemp:Display: Loaded TP LinuxTargetPlatform
[2017.05.05-01.37.20:991][  0]LogTargetPlatformManager:Display: Building Assets For Windows
[2017.05.05-01.37.21:319][  0]LogDerivedDataCache:Display: Max Cache Size: 512 MB
[2017.05.05-01.37.21:378][  0]LogDerivedDataCache: Loaded boot cache 0.06s 64MB C:/Users/User/AppData/Local/UnrealEngine/4.14/DerivedDataCache/Boot.ddc.
[2017.05.05-01.37.21:378][  0]LogDerivedDataCache:Display: Loaded Boot cache: C:/Users/User/AppData/Local/UnrealEngine/4.14/DerivedDataCache/Boot.ddc
[2017.05.05-01.37.21:378][  0]LogDerivedDataCache: FDerivedDataBackendGraph:  Pak pak cache file ../../../../../../Eugênia/Documents/Unreal Projects/TapperPrototype/DerivedDataCache/DDC.ddp not found, will not use a pak cache.
[2017.05.05-01.37.21:378][  0]LogDerivedDataCache: Unable to find inner node Pak for hierarchical cache Hierarchy.
[2017.05.05-01.37.21:378][  0]LogDerivedDataCache: FDerivedDataBackendGraph:  CompressedPak pak cache file ../../../../../../Eugênia/Documents/Unreal Projects/TapperPrototype/DerivedDataCache/Compressed.ddp not found, will not use a pak cache.
[2017.05.05-01.37.21:378][  0]LogDerivedDataCache: Unable to find inner node CompressedPak for hierarchical cache Hierarchy.
[2017.05.05-01.37.21:393][  0]LogDerivedDataCache:Display: Pak cache opened for reading ../../../Engine/DerivedDataCache/Compressed.ddp.
[2017.05.05-01.37.21:405][  0]LogDerivedDataCache: Using Local data cache path C:/Users/User/AppData/Local/UnrealEngine/Common/DerivedDataCache: Writable
[2017.05.05-01.37.21:641][  0]LogInit: Selected Device Profile: [Windows]
[2017.05.05-01.37.21:644][  0]LogContentStreaming: Texture pool size is 0.00 MB
[2017.05.05-01.37.21:835][  0]LogMeshUtilities: Using QuadricMeshReduction for automatic static mesh reduction
[2017.05.05-01.37.21:867][  0]LogSimplygon: Simplygon DLL not present - disabling.
[2017.05.05-01.37.21:900][  0]LogMeshUtilities: Using SimplygonSwarm for distributed automatic mesh merging
[2017.05.05-01.37.21:900][  0]LogMeshUtilities: No automatic skeletal mesh reduction module available
[2017.05.05-01.37.21:900][  0]LogMeshUtilities: No automatic mesh merging module available
[2017.05.05-01.37.22:383][  0]LogNetVersion: GetLocalNetworkVersion: CL: 3195953, ProjectName: tapperprototype, ProjectVersion: , EngineNetworkVersion: 2, GameNetworkVersion: 0, NetworkChecksum: 805655372
[2017.05.05-01.37.22:431][  0]LogAssetRegistry: FAssetRegistry took 0.0212 seconds to start up
[2017.05.05-01.37.22:480][  0]LogPackageLocalizationCache: Processed 3 localized package path(s) for 2 prioritized culture(s) in 0.028674 seconds
[2017.05.05-01.37.22:490][  0]LogUObjectArray: 31946 objects as part of root set at end of initial load.
[2017.05.05-01.37.22:490][  0]LogUObjectAllocator: 6935840 out of 0 bytes used by permanent object pool.
[2017.05.05-01.37.22:490][  0]LogUObjectArray: CloseDisregardForGC: 0/0 objects in disregard for GC pool
[2017.05.05-01.37.22:541][  0]LogInit: WinSock: version 1.1 (2.2), MaxSocks=32767, MaxUdp=65467
[2017.05.05-01.37.23:242][  0]LogSlate: Using Freetype 2.6.0
[2017.05.05-01.37.23:242][  0]LogSlate: SlateFontCache - WITH_FREETYPE: 1, WITH_HARFBUZZ: 1
[2017.05.05-01.37.23:242][  0]LogSlate: SlateFontCache - WITH_FREETYPE: 1, WITH_HARFBUZZ: 1
[2017.05.05-01.37.24:032][  0]LogTcpMessaging: Initializing TcpMessaging bridge
[2017.05.05-01.37.24:062][  0]LogUdpMessaging: Initializing bridge on interface 0.0.0.0:0 to multicast group 230.0.0.1:6666.
[2017.05.05-01.37.24:302][  0]LogMaterial: Uniform references updated for custom material expression Custom.
[2017.05.05-01.37.24:592][  0]SourceControl: Info Source control is disabled
[2017.05.05-01.37.24:593][  0]SourceControl: Info Source control is disabled
[2017.05.05-01.37.24:623][  0]SourceControl: Info Source control is disabled
[2017.05.05-01.37.24:672][  0]SourceControl: Info Source control is disabled
[2017.05.05-01.37.25:872][  0]LogEngine: Initializing Engine...
[2017.05.05-01.37.25:872][  0]LogHMD: Failed to initialize OpenVR with code 110
[2017.05.05-01.37.26:138][  0]LogAIModule: Creating AISystem for world Untitled
[2017.05.05-01.37.26:149][  0]LogInit: XAudio2 using 'Headset Earphone (2- Razer Kraken 7.1 Chroma)' : 2 channels at 48 kHz using 16 bits per sample (channel mask 0x3)
[2017.05.05-01.37.26:209][  0]LogInit: FAudioDevice initialized.
[2017.05.05-01.37.26:249][  0]LogDerivedDataCache: Saved boot cache 0.04s 50MB C:/Users/User/AppData/Local/UnrealEngine/4.14/DerivedDataCache/Boot.ddc.
[2017.05.05-01.37.26:256][  0]LogInit: Texture streaming: Enabled
[2017.05.05-01.37.26:416][  0]LogInit: Transaction tracking system initialized
[2017.05.05-01.37.26:668][  0]BlueprintLog: New page: Editor Load
[2017.05.05-01.37.27:461][  0]LocalizationService: Info Localization service is disabled
[2017.05.05-01.37.27:957][  0]LogConsoleResponse:Display: 
[2017.05.05-01.37.28:144][  0]LogCook:Display: Max memory allowance for cook 16384mb min free memory 0mb
[2017.05.05-01.37.28:144][  0]LogCook:Display: Mobile HDR setting 1
[2017.05.05-01.37.28:513][  0]LogFileCache: Scanning file cache for directory 'D:/Eugênia/Documents/Unreal Projects/TapperPrototype/Content/' took 0.01s
[2017.05.05-01.37.28:880][  0]SourceControl: Info Source control is disabled
[2017.05.05-01.37.28:881][  0]Cmd: MAP LOAD FILE="../../../../../../Eugênia/Documents/Unreal Projects/TapperPrototype/Content/2DSideScrollerBP/Maps/2DSideScrollerExampleMap.umap" TEMPLATE=0 SHOWPROGRESS=1 FEATURELEVEL=3
[2017.05.05-01.37.28:881][  0]LightingResults: New page: Lighting Build
[2017.05.05-01.37.28:915][  0]MapCheck: New page: Map Check
[2017.05.05-01.37.28:915][  0]LightingResults: New page: Lighting Build
[2017.05.05-01.37.29:138][  0]LogAIModule: Creating AISystem for world 2DSideScrollerExampleMap
[2017.05.05-01.37.29:142][  0]LogEditorServer: Finished looking for orphan Actors (0.000 secs)
[2017.05.05-01.37.29:143][  0]Cmd: MAP CHECKDEP NOCLEARLOG
[2017.05.05-01.37.29:179][  0]MapCheck: Info Map check complete: 0 Error(s), 0 Warning(s), took 36.368ms to complete.
[2017.05.05-01.37.29:179][  0]LogFileHelpers: Loading map '2DSideScrollerExampleMap' took 0.299
[2017.05.05-01.37.29:318][  0]LogCollectionManager: Loaded 0 collections in 0.001300 seconds
[2017.05.05-01.37.29:397][  0]LogFileCache: Scanning file cache for directory 'D:/Eugênia/Documents/Unreal Projects/TapperPrototype/Saved/Collections/' took 0.01s
[2017.05.05-01.37.29:397][  0]LogFileCache: Scanning file cache for directory 'D:/Eugênia/Documents/Unreal Projects/TapperPrototype/Content/Developers/User/Collections/' took 0.01s
[2017.05.05-01.37.29:397][  0]LogFileCache: Scanning file cache for directory 'D:/Eugênia/Documents/Unreal Projects/TapperPrototype/Content/Collections/' took 0.01s
[2017.05.05-01.37.29:397][  0]LogCollectionManager: Rebuilt the GUID cache for 0 collections in 0.000002 seconds
[2017.05.05-01.37.29:414][  0]LogContentBrowser: Native class hierarchy populated in 0.0163 seconds. Added 2190 classes and 428 folders.
[2017.05.05-01.37.29:455][  0]LogStats: UGameplayTagsManager::ConstructGameplayTagTree: Construct from data asset -  0.000 s
[2017.05.05-01.37.29:455][  0]LogStats: UGameplayTagsManager::ConstructGameplayTagTree: GameplayTagTreeChangedEvent.Broadcast -  0.000 s
[2017.05.05-01.37.29:455][  0]LogContentBrowser: Native class hierarchy updated for 'GameplayTags' in 0.0005 seconds. Added 13 classes and 0 folders.
[2017.05.05-01.37.29:503][  0]LogContentBrowser: Native class hierarchy updated for 'WidgetCarousel' in 0.0005 seconds. Added 0 classes and 0 folders.
[2017.05.05-01.37.29:549][  0]LogContentBrowser: Native class hierarchy updated for 'AddContentDialog' in 0.0007 seconds. Added 0 classes and 0 folders.
[2017.05.05-01.37.29:594][  0]LogContentBrowser: Native class hierarchy updated for 'SceneOutliner' in 0.0008 seconds. Added 1 classes and 2 folders.
[2017.05.05-01.37.29:681][  0]LogCrashTracker: Crashtracker disabled due to settings.
[2017.05.05-01.37.29:786][  0]LogContentBrowser: Native class hierarchy updated for 'HierarchicalLODOutliner' in 0.0008 seconds. Added 1 classes and 2 folders.
[2017.05.05-01.37.29:786][  0]LogLoad: (Engine Initialization) Total time: 13.54 seconds
[2017.05.05-01.37.29:786][  0]LogLoad: (Engine Initialization) Total Blueprint compile time: 0.07 seconds
[2017.05.05-01.37.29:786][  0]LogExternalProfiler: Found external profiler: VSPerf
[2017.05.05-01.37.29:786][  0]LogExternalProfiler: Using external profiler: VSPerf
[2017.05.05-01.37.30:126][  0]LogOcInput: OculusInput pre-init called
[2017.05.05-01.37.30:143][  0]LogContentStreaming: Texture pool size now 1000 MB
[2017.05.05-01.37.30:294][  0]LogRenderer: Reallocating scene render targets to support 1616x580 NumSamples 1 (Frame:2).
[2017.05.05-01.37.30:470][  1]LogAssetRegistry: Asset discovery search completed in 8.0599 seconds
[2017.05.05-01.37.30:470][  1]LogCollectionManager: Rebuilt the object cache for 0 collections in 0.000001 seconds (found 0 objects)
[2017.05.05-01.37.30:470][  1]LogCollectionManager: Fixed up redirectors for 0 collections in 0.000023 seconds (updated 0 objects)
[2017.05.05-01.37.36:311][383]LogAIModule: Creating AISystem for world Prototype
[2017.05.05-01.37.36:338][383]Cmd: MAP LOAD FILE="../../../../../../Eugênia/Documents/Unreal Projects/TapperPrototype/Content/Prototype.umap" TEMPLATE=0 SHOWPROGRESS=1 FEATURELEVEL=3
[2017.05.05-01.37.36:339][383]LightingResults: New page: Lighting Build
[2017.05.05-01.37.36:339][383]LoadErrors: New page: Loading map: Prototype.umap
[2017.05.05-01.37.36:340][383]MapCheck: New page: Map Check
[2017.05.05-01.37.36:340][383]LightingResults: New page: Lighting Build
[2017.05.05-01.37.36:410][383]LogEditorServer: Finished looking for orphan Actors (0.000 secs)
[2017.05.05-01.37.36:428][383]Cmd: MAP CHECKDEP NOCLEARLOG
[2017.05.05-01.37.36:463][383]MapCheck: Info Map check complete: 0 Error(s), 0 Warning(s), took 34.542ms to complete.
[2017.05.05-01.37.36:464][383]LogFileHelpers: Loading map 'Prototype' took 0.125
[2017.05.05-01.38.10:138][ 85]LogTemp: Repeting last play command: Selected Viewport
[2017.05.05-01.38.10:146][ 85]LogBlueprintUserMessages: Early PlayInEditor Detection: Level '/Game/Prototype.Prototype:PersistentLevel' has LevelScriptBlueprint '/Game/Prototype.Prototype:PersistentLevel.Prototype' with GeneratedClass '/Game/Prototype.Prototype_C' with ClassGeneratedBy '/Game/Prototype.Prototype:PersistentLevel.Prototype'
[2017.05.05-01.38.10:147][ 85]LogPlayLevel: PlayLevel: No blueprints needed recompiling
[2017.05.05-01.38.10:147][ 85]PIE: New page: PIE session: Prototype (May 4, 2017, 7:38:10 PM)
[2017.05.05-01.38.10:147][ 85]LogPlayLevel: Creating play world package: /Game/UEDPIE_0_Prototype
[2017.05.05-01.38.10:149][ 85]LogPlayLevel: PIE: StaticDuplicateObject took: (0.001658s)
[2017.05.05-01.38.10:150][ 85]LogAIModule: Creating AISystem for world Prototype
[2017.05.05-01.38.10:150][ 85]LogPlayLevel: PIE: World Init took: (0.000951s)
[2017.05.05-01.38.10:150][ 85]LogPlayLevel: PIE: Created PIE world by copying editor world from /Game/Prototype.Prototype to /Game/UEDPIE_0_Prototype.Prototype (0.002949s)
[2017.05.05-01.38.10:175][ 85]LogInit: XAudio2 using 'Headset Earphone (2- Razer Kraken 7.1 Chroma)' : 2 channels at 48 kHz using 16 bits per sample (channel mask 0x3)
[2017.05.05-01.38.10:218][ 85]LogInit: FAudioDevice initialized.
[2017.05.05-01.38.10:262][ 85]LogLoad: Game class is 'myGameMode_C'
[2017.05.05-01.38.10:264][ 85]LogWorld: Bringing World /Game/UEDPIE_0_Prototype.Prototype up for play (max tick rate 0) at 2017.05.04-22.38.10
[2017.05.05-01.38.10:265][ 85]LogWorld: Bringing up level for play took: 0.001612
[2017.05.05-01.38.10:301][ 85]LogContentBrowser: Native class hierarchy updated for 'MovieSceneCapture' in 0.0005 seconds. Added 11 classes and 0 folders.
[2017.05.05-01.38.10:302][ 85]PIE: Info Play in editor start time for /Game/UEDPIE_0_Prototype 0.107
[2017.05.05-01.38.10:303][ 85]LogBlueprintUserMessages: Late PlayInEditor Detection: Level '/Game/Prototype.Prototype:PersistentLevel' has LevelScriptBlueprint '/Game/Prototype.Prototype:PersistentLevel.Prototype' with GeneratedClass '/Game/Prototype.Prototype_C' with ClassGeneratedBy '/Game/Prototype.Prototype:PersistentLevel.Prototype'
[2017.05.05-01.38.14:981][637]LogBlueprintUserMessages: Early EndPlayMap Detection: Level '/Game/Prototype.Prototype:PersistentLevel' has LevelScriptBlueprint '/Game/Prototype.Prototype:PersistentLevel.Prototype' with GeneratedClass '/Game/Prototype.Prototype_C' with ClassGeneratedBy '/Game/Prototype.Prototype:PersistentLevel.Prototype'
[2017.05.05-01.38.15:031][637]LogBlueprintUserMessages: Late EndPlayMap Detection: Level '/Game/Prototype.Prototype:PersistentLevel' has LevelScriptBlueprint '/Game/Prototype.Prototype:PersistentLevel.Prototype' with GeneratedClass '/Game/Prototype.Prototype_C' with ClassGeneratedBy '/Game/Prototype.Prototype:PersistentLevel.Prototype'
[2017.05.05-01.39.00:218][817]LogContentBrowser: Native class hierarchy updated for 'BlueprintGraph' in 0.0008 seconds. Added 111 classes and 0 folders.
[2017.05.05-01.40.30:511][155]BlueprintLog: New page: Compile OurNewCharacter
[2017.05.05-01.40.31:452][250]Cmd: OBJ SAVEPACKAGE PACKAGE="/Game/Blueprint/OurNewCharacter" FILE="../../../../../../Eugênia/Documents/Unreal Projects/TapperPrototype/Content/Blueprint/OurNewCharacter.uasset" SILENT=true
[2017.05.05-01.40.31:487][250]LogSavePackage: Save=29.94ms
[2017.05.05-01.40.31:487][250]LogSavePackage: Moving '../../../../../../Eugênia/Documents/Unreal Projects/TapperPrototype/Saved/OurNewCharacter3A2F478A479F3A45EB11ED8C21E17FE6.tmp' to '../../../../../../Eugênia/Documents/Unreal Projects/TapperPrototype/Content/Blueprint/OurNewCharacter.uasset'
[2017.05.05-01.40.31:489][250]LogSavePackage:Display: Finished SavePackage ../../../../../../Eugênia/Documents/Unreal Projects/TapperPrototype/Content/Blueprint/OurNewCharacter.uasset
[2017.05.05-01.40.32:592][379]LogScript:Warning: Accessed None trying to read property CallFunc_GetController_ReturnValue
	OurNewCharacter_C /Engine/Transient.World_1:PersistentLevel.OurNewCharacter_C_1
	Function /Game/Blueprint/OurNewCharacter.OurNewCharacter_C:ExecuteUbergraph_OurNewCharacter:0102
[2017.05.05-01.40.32:611][380]LogScript:Warning: Accessed None trying to read property CallFunc_GetController_ReturnValue
	OurNewCharacter_C /Engine/Transient.World_1:PersistentLevel.OurNewCharacter_C_1
	Function /Game/Blueprint/OurNewCharacter.OurNewCharacter_C:ExecuteUbergraph_OurNewCharacter:0102
[2017.05.05-01.40.32:620][381]LogScript:Warning: Accessed None trying to read property CallFunc_GetController_ReturnValue
	OurNewCharacter_C /Engine/Transient.World_1:PersistentLevel.OurNewCharacter_C_1
	Function /Game/Blueprint/OurNewCharacter.OurNewCharacter_C:ExecuteUbergraph_OurNewCharacter:0102
[2017.05.05-01.40.32:628][382]LogScript:Warning: Accessed None trying to read property CallFunc_GetController_ReturnValue
	OurNewCharacter_C /Engine/Transient.World_1:PersistentLevel.OurNewCharacter_C_1
	Function /Game/Blueprint/OurNewCharacter.OurNewCharacter_C:ExecuteUbergraph_OurNewCharacter:0102
[2017.05.05-01.40.32:637][383]LogScript:Warning: Accessed None trying to read property CallFunc_GetController_ReturnValue
	OurNewCharacter_C /Engine/Transient.World_1:PersistentLevel.OurNewCharacter_C_1
	Function /Game/Blueprint/OurNewCharacter.OurNewCharacter_C:ExecuteUbergraph_OurNewCharacter:0102
[2017.05.05-01.40.32:645][384]LogScript:Warning: Accessed None trying to read property CallFunc_GetController_ReturnValue
	OurNewCharacter_C /Engine/Transient.World_1:PersistentLevel.OurNewCharacter_C_1
	Function /Game/Blueprint/OurNewCharacter.OurNewCharacter_C:ExecuteUbergraph_OurNewCharacter:0102
[2017.05.05-01.40.32:653][385]LogScript:Warning: Accessed None trying to read property CallFunc_GetController_ReturnValue
	OurNewCharacter_C /Engine/Transient.World_1:PersistentLevel.OurNewCharacter_C_1
	Function /Game/Blueprint/OurNewCharacter.OurNewCharacter_C:ExecuteUbergraph_OurNewCharacter:0102
[2017.05.05-01.40.32:662][386]LogScript:Warning: Accessed None trying to read property CallFunc_GetController_ReturnValue
	OurNewCharacter_C /Engine/Transient.World_1:PersistentLevel.OurNewCharacter_C_1
	Function /Game/Blueprint/OurNewCharacter.OurNewCharacter_C:ExecuteUbergraph_OurNewCharacter:0102
[2017.05.05-01.40.32:670][387]LogScript:Warning: Accessed None trying to read property CallFunc_GetController_ReturnValue
	OurNewCharacter_C /Engine/Transient.World_1:PersistentLevel.OurNewCharacter_C_1
	Function /Game/Blueprint/OurNewCharacter.OurNewCharacter_C:ExecuteUbergraph_OurNewCharacter:0102
[2017.05.05-01.40.32:678][388]LogScript:Warning: Accessed None trying to read property CallFunc_GetController_ReturnValue
	OurNewCharacter_C /Engine/Transient.World_1:PersistentLevel.OurNewCharacter_C_1
	Function /Game/Blueprint/OurNewCharacter.OurNewCharacter_C:ExecuteUbergraph_OurNewCharacter:0102
[2017.05.05-01.40.32:687][389]LogScript:Warning: Accessed None trying to read property CallFunc_GetController_ReturnValue
	OurNewCharacter_C /Engine/Transient.World_1:PersistentLevel.OurNewCharacter_C_1
	Function /Game/Blueprint/OurNewCharacter.OurNewCharacter_C:ExecuteUbergraph_OurNewCharacter:0102
[2017.05.05-01.40.32:695][390]LogScript:Warning: Accessed None trying to read property CallFunc_GetController_ReturnValue
	OurNewCharacter_C /Engine/Transient.World_1:PersistentLevel.OurNewCharacter_C_1
	Function /Game/Blueprint/OurNewCharacter.OurNewCharacter_C:ExecuteUbergraph_OurNewCharacter:0102
[2017.05.05-01.40.32:703][391]LogScript:Warning: Accessed None trying to read property CallFunc_GetController_ReturnValue
	OurNewCharacter_C /Engine/Transient.World_1:PersistentLevel.OurNewCharacter_C_1
	Function /Game/Blueprint/OurNewCharacter.OurNewCharacter_C:ExecuteUbergraph_OurNewCharacter:0102
[2017.05.05-01.40.32:712][392]LogScript:Warning: Accessed None trying to read property CallFunc_GetController_ReturnValue
	OurNewCharacter_C /Engine/Transient.World_1:PersistentLevel.OurNewCharacter_C_1
	Function /Game/Blueprint/OurNewCharacter.OurNewCharacter_C:ExecuteUbergraph_OurNewCharacter:0102
[2017.05.05-01.40.32:720][393]LogScript:Warning: Accessed None trying to read property CallFunc_GetController_ReturnValue
	OurNewCharacter_C /Engine/Transient.World_1:PersistentLevel.OurNewCharacter_C_1
	Function /Game/Blueprint/OurNewCharacter.OurNewCharacter_C:ExecuteUbergraph_OurNewCharacter:0102
[2017.05.05-01.40.32:728][394]LogScript:Warning: Accessed None trying to read property CallFunc_GetController_ReturnValue
	OurNewCharacter_C /Engine/Transient.World_1:PersistentLevel.OurNewCharacter_C_1
	Function /Game/Blueprint/OurNewCharacter.OurNewCharacter_C:ExecuteUbergraph_OurNewCharacter:0102
[2017.05.05-01.40.32:737][395]LogScript:Warning: Accessed None trying to read property CallFunc_GetController_ReturnValue
	OurNewCharacter_C /Engine/Transient.World_1:PersistentLevel.OurNewCharacter_C_1
	Function /Game/Blueprint/OurNewCharacter.OurNewCharacter_C:ExecuteUbergraph_OurNewCharacter:0102
[2017.05.05-01.40.34:628][620]LogTemp: Repeting last play command: Selected Viewport
[2017.05.05-01.40.34:642][620]LogBlueprintUserMessages: Early PlayInEditor Detection: Level '/Game/Prototype.Prototype:PersistentLevel' has LevelScriptBlueprint '/Game/Prototype.Prototype:PersistentLevel.Prototype' with GeneratedClass '/Game/Prototype.Prototype_C' with ClassGeneratedBy '/Game/Prototype.Prototype:PersistentLevel.Prototype'
[2017.05.05-01.40.34:642][620]LogPlayLevel: PlayLevel: No blueprints needed recompiling
[2017.05.05-01.40.34:643][620]PIE: New page: PIE session: Prototype (May 4, 2017, 7:40:34 PM)
[2017.05.05-01.40.34:643][620]LogPlayLevel: Creating play world package: /Game/UEDPIE_0_Prototype
[2017.05.05-01.40.34:644][620]LogPlayLevel: PIE: StaticDuplicateObject took: (0.001170s)
[2017.05.05-01.40.34:644][620]LogAIModule: Creating AISystem for world Prototype
[2017.05.05-01.40.34:645][620]LogPlayLevel: PIE: World Init took: (0.000775s)
[2017.05.05-01.40.34:645][620]LogPlayLevel: PIE: Created PIE world by copying editor world from /Game/Prototype.Prototype to /Game/UEDPIE_0_Prototype.Prototype (0.002185s)
[2017.05.05-01.40.34:682][620]LogInit: XAudio2 using 'Headset Earphone (2- Razer Kraken 7.1 Chroma)' : 2 channels at 48 kHz using 16 bits per sample (channel mask 0x3)
[2017.05.05-01.40.34:735][620]LogInit: FAudioDevice initialized.
[2017.05.05-01.40.34:777][620]LogLoad: Game class is 'myGameMode_C'
[2017.05.05-01.40.34:778][620]LogWorld: Bringing World /Game/UEDPIE_0_Prototype.Prototype up for play (max tick rate 0) at 2017.05.04-22.40.34
[2017.05.05-01.40.34:779][620]LogWorld: Bringing up level for play took: 0.001555
[2017.05.05-01.40.34:779][620]LogGameMode: Warning - PATHS NOT DEFINED or NO PLAYERSTART with positive rating
[2017.05.05-01.40.34:782][620]PIE: Info Play in editor start time for /Game/UEDPIE_0_Prototype 0.586
[2017.05.05-01.40.34:782][620]LogBlueprintUserMessages: Late PlayInEditor Detection: Level '/Game/Prototype.Prototype:PersistentLevel' has LevelScriptBlueprint '/Game/Prototype.Prototype:PersistentLevel.Prototype' with GeneratedClass '/Game/Prototype.Prototype_C' with ClassGeneratedBy '/Game/Prototype.Prototype:PersistentLevel.Prototype'
[2017.05.05-01.40.34:796][620]LogRenderer: Reallocating scene render targets to support 1616x756 NumSamples 1 (Frame:8895).
[2017.05.05-01.40.38:959][112]LogBlueprintUserMessages: Early EndPlayMap Detection: Level '/Game/Prototype.Prototype:PersistentLevel' has LevelScriptBlueprint '/Game/Prototype.Prototype:PersistentLevel.Prototype' with GeneratedClass '/Game/Prototype.Prototype_C' with ClassGeneratedBy '/Game/Prototype.Prototype:PersistentLevel.Prototype'
[2017.05.05-01.40.39:014][112]LogBlueprintUserMessages: Late EndPlayMap Detection: Level '/Game/Prototype.Prototype:PersistentLevel' has LevelScriptBlueprint '/Game/Prototype.Prototype:PersistentLevel.Prototype' with GeneratedClass '/Game/Prototype.Prototype_C' with ClassGeneratedBy '/Game/Prototype.Prototype:PersistentLevel.Prototype'
[2017.05.05-01.40.45:617][890]BlueprintLog: New page: Compile OurNewCharacter
[2017.05.05-01.40.46:436][971]LogTemp: Repeting last play command: Selected Viewport
[2017.05.05-01.40.46:445][971]LogBlueprintUserMessages: Early PlayInEditor Detection: Level '/Game/Prototype.Prototype:PersistentLevel' has LevelScriptBlueprint '/Game/Prototype.Prototype:PersistentLevel.Prototype' with GeneratedClass '/Game/Prototype.Prototype_C' with ClassGeneratedBy '/Game/Prototype.Prototype:PersistentLevel.Prototype'
[2017.05.05-01.40.46:445][971]LogPlayLevel: PlayLevel: No blueprints needed recompiling
[2017.05.05-01.40.46:445][971]PIE: New page: PIE session: Prototype (May 4, 2017, 7:40:46 PM)
[2017.05.05-01.40.46:446][971]LogPlayLevel: Creating play world package: /Game/UEDPIE_0_Prototype
[2017.05.05-01.40.46:447][971]LogPlayLevel: PIE: StaticDuplicateObject took: (0.000935s)
[2017.05.05-01.40.46:447][971]LogAIModule: Creating AISystem for world Prototype
[2017.05.05-01.40.46:447][971]LogPlayLevel: PIE: World Init took: (0.000531s)
[2017.05.05-01.40.46:447][971]LogPlayLevel: PIE: Created PIE world by copying editor world from /Game/Prototype.Prototype to /Game/UEDPIE_0_Prototype.Prototype (0.001698s)
[2017.05.05-01.40.46:484][971]LogInit: XAudio2 using 'Headset Earphone (2- Razer Kraken 7.1 Chroma)' : 2 channels at 48 kHz using 16 bits per sample (channel mask 0x3)
[2017.05.05-01.40.46:533][971]LogInit: FAudioDevice initialized.
[2017.05.05-01.40.46:572][971]LogLoad: Game class is 'myGameMode_C'
[2017.05.05-01.40.46:573][971]LogWorld: Bringing World /Game/UEDPIE_0_Prototype.Prototype up for play (max tick rate 0) at 2017.05.04-22.40.46
[2017.05.05-01.40.46:574][971]LogWorld: Bringing up level for play took: 0.001276
[2017.05.05-01.40.46:574][971]LogGameMode: Warning - PATHS NOT DEFINED or NO PLAYERSTART with positive rating
[2017.05.05-01.40.46:577][971]PIE: Info Play in editor start time for /Game/UEDPIE_0_Prototype 0.381
[2017.05.05-01.40.46:577][971]LogBlueprintUserMessages: Late PlayInEditor Detection: Level '/Game/Prototype.Prototype:PersistentLevel' has LevelScriptBlueprint '/Game/Prototype.Prototype:PersistentLevel.Prototype' with GeneratedClass '/Game/Prototype.Prototype_C' with ClassGeneratedBy '/Game/Prototype.Prototype:PersistentLevel.Prototype'
[2017.05.05-01.40.50:937][487]LogBlueprintUserMessages: Early EndPlayMap Detection: Level '/Game/Prototype.Prototype:PersistentLevel' has LevelScriptBlueprint '/Game/Prototype.Prototype:PersistentLevel.Prototype' with GeneratedClass '/Game/Prototype.Prototype_C' with ClassGeneratedBy '/Game/Prototype.Prototype:PersistentLevel.Prototype'
[2017.05.05-01.40.50:993][487]LogBlueprintUserMessages: Late EndPlayMap Detection: Level '/Game/Prototype.Prototype:PersistentLevel' has LevelScriptBlueprint '/Game/Prototype.Prototype:PersistentLevel.Prototype' with GeneratedClass '/Game/Prototype.Prototype_C' with ClassGeneratedBy '/Game/Prototype.Prototype:PersistentLevel.Prototype'
[2017.05.05-01.40.54:425][889]BlueprintLog: New page: Compile OurNewCharacter
[2017.05.05-01.40.56:429][ 80]LogTemp: Repeting last play command: Selected Viewport
[2017.05.05-01.40.56:441][ 80]LogBlueprintUserMessages: Early PlayInEditor Detection: Level '/Game/Prototype.Prototype:PersistentLevel' has LevelScriptBlueprint '/Game/Prototype.Prototype:PersistentLevel.Prototype' with GeneratedClass '/Game/Prototype.Prototype_C' with ClassGeneratedBy '/Game/Prototype.Prototype:PersistentLevel.Prototype'
[2017.05.05-01.40.56:441][ 80]LogPlayLevel: PlayLevel: No blueprints needed recompiling
[2017.05.05-01.40.56:442][ 80]PIE: New page: PIE session: Prototype (May 4, 2017, 7:40:56 PM)
[2017.05.05-01.40.56:442][ 80]LogPlayLevel: Creating play world package: /Game/UEDPIE_0_Prototype
[2017.05.05-01.40.56:443][ 80]LogPlayLevel: PIE: StaticDuplicateObject took: (0.001609s)
[2017.05.05-01.40.56:444][ 80]LogAIModule: Creating AISystem for world Prototype
[2017.05.05-01.40.56:444][ 80]LogPlayLevel: PIE: World Init took: (0.000736s)
[2017.05.05-01.40.56:444][ 80]LogPlayLevel: PIE: Created PIE world by copying editor world from /Game/Prototype.Prototype to /Game/UEDPIE_0_Prototype.Prototype (0.002667s)
[2017.05.05-01.40.56:488][ 80]LogInit: XAudio2 using 'Headset Earphone (2- Razer Kraken 7.1 Chroma)' : 2 channels at 48 kHz using 16 bits per sample (channel mask 0x3)
[2017.05.05-01.40.56:539][ 80]LogInit: FAudioDevice initialized.
[2017.05.05-01.40.56:569][ 80]LogLoad: Game class is 'myGameMode_C'
[2017.05.05-01.40.56:571][ 80]LogWorld: Bringing World /Game/UEDPIE_0_Prototype.Prototype up for play (max tick rate 0) at 2017.05.04-22.40.56
[2017.05.05-01.40.56:571][ 80]LogWorld: Bringing up level for play took: 0.001615
[2017.05.05-01.40.56:573][ 80]PIE: Info Play in editor start time for /Game/UEDPIE_0_Prototype 0.377
[2017.05.05-01.40.56:573][ 80]LogBlueprintUserMessages: Late PlayInEditor Detection: Level '/Game/Prototype.Prototype:PersistentLevel' has LevelScriptBlueprint '/Game/Prototype.Prototype:PersistentLevel.Prototype' with GeneratedClass '/Game/Prototype.Prototype_C' with ClassGeneratedBy '/Game/Prototype.Prototype:PersistentLevel.Prototype'
[2017.05.05-01.40.58:458][273]LogBlueprintUserMessages: Early EndPlayMap Detection: Level '/Game/Prototype.Prototype:PersistentLevel' has LevelScriptBlueprint '/Game/Prototype.Prototype:PersistentLevel.Prototype' with GeneratedClass '/Game/Prototype.Prototype_C' with ClassGeneratedBy '/Game/Prototype.Prototype:PersistentLevel.Prototype'
[2017.05.05-01.40.58:505][273]LogBlueprintUserMessages: Late EndPlayMap Detection: Level '/Game/Prototype.Prototype:PersistentLevel' has LevelScriptBlueprint '/Game/Prototype.Prototype:PersistentLevel.Prototype' with GeneratedClass '/Game/Prototype.Prototype_C' with ClassGeneratedBy '/Game/Prototype.Prototype:PersistentLevel.Prototype'
[2017.05.05-01.41.06:760][ 73]LogTemp: Repeting last play command: Selected Viewport
[2017.05.05-01.41.06:775][ 73]LogBlueprintUserMessages: Early PlayInEditor Detection: Level '/Game/Prototype.Prototype:PersistentLevel' has LevelScriptBlueprint '/Game/Prototype.Prototype:PersistentLevel.Prototype' with GeneratedClass '/Game/Prototype.Prototype_C' with ClassGeneratedBy '/Game/Prototype.Prototype:PersistentLevel.Prototype'
[2017.05.05-01.41.06:775][ 73]LogPlayLevel: PlayLevel: No blueprints needed recompiling
[2017.05.05-01.41.06:776][ 73]PIE: New page: PIE session: Prototype (May 4, 2017, 7:41:06 PM)
[2017.05.05-01.41.06:776][ 73]LogPlayLevel: Creating play world package: /Game/UEDPIE_0_Prototype
[2017.05.05-01.41.06:777][ 73]LogPlayLevel: PIE: StaticDuplicateObject took: (0.001694s)
[2017.05.05-01.41.06:778][ 73]LogAIModule: Creating AISystem for world Prototype
[2017.05.05-01.41.06:778][ 73]LogPlayLevel: PIE: World Init took: (0.000710s)
[2017.05.05-01.41.06:778][ 73]LogPlayLevel: PIE: Created PIE world by copying editor world from /Game/Prototype.Prototype to /Game/UEDPIE_0_Prototype.Prototype (0.002647s)
[2017.05.05-01.41.06:819][ 73]LogInit: XAudio2 using 'Headset Earphone (2- Razer Kraken 7.1 Chroma)' : 2 channels at 48 kHz using 16 bits per sample (channel mask 0x3)
[2017.05.05-01.41.06:876][ 73]LogInit: FAudioDevice initialized.
[2017.05.05-01.41.06:906][ 73]LogLoad: Game class is 'myGameMode_C'
[2017.05.05-01.41.06:907][ 73]LogWorld: Bringing World /Game/UEDPIE_0_Prototype.Prototype up for play (max tick rate 0) at 2017.05.04-22.41.06
[2017.05.05-01.41.06:908][ 73]LogWorld: Bringing up level for play took: 0.001483
[2017.05.05-01.41.06:909][ 73]PIE: Info Play in editor start time for /Game/UEDPIE_0_Prototype 0.713
[2017.05.05-01.41.06:909][ 73]LogBlueprintUserMessages: Late PlayInEditor Detection: Level '/Game/Prototype.Prototype:PersistentLevel' has LevelScriptBlueprint '/Game/Prototype.Prototype:PersistentLevel.Prototype' with GeneratedClass '/Game/Prototype.Prototype_C' with ClassGeneratedBy '/Game/Prototype.Prototype:PersistentLevel.Prototype'
[2017.05.05-01.41.16:456][204]LogBlueprintUserMessages: Early EndPlayMap Detection: Level '/Game/Prototype.Prototype:PersistentLevel' has LevelScriptBlueprint '/Game/Prototype.Prototype:PersistentLevel.Prototype' with GeneratedClass '/Game/Prototype.Prototype_C' with ClassGeneratedBy '/Game/Prototype.Prototype:PersistentLevel.Prototype'
[2017.05.05-01.41.16:507][204]LogBlueprintUserMessages: Late EndPlayMap Detection: Level '/Game/Prototype.Prototype:PersistentLevel' has LevelScriptBlueprint '/Game/Prototype.Prototype:PersistentLevel.Prototype' with GeneratedClass '/Game/Prototype.Prototype_C' with ClassGeneratedBy '/Game/Prototype.Prototype:PersistentLevel.Prototype'
[2017.05.05-01.46.51:544][390]LogEditorViewport: Clicking on Actor (LMB): PaperSpriteActor (bg_shroom_Sprite)
[2017.05.05-01.46.52:958][518]LogEditorViewport: Clicking on Actor (LMB): PaperTileMapActor (tiles_spritesheet_TileMap)
[2017.05.05-01.48.02:038][868]LogSavePackage: Save=105.92ms
[2017.05.05-01.48.02:038][868]LogSavePackage: Moving '../../../../../../Eugênia/Documents/Unreal Projects/TapperPrototype/Saved/Prototype_Auto11C808D0C43253D06FC9A589951C7F7E4.tmp' to '../../../../../../Eugênia/Documents/Unreal Projects/TapperPrototype/Saved/Autosaves/Game/Prototype_Auto1.umap'
[2017.05.05-01.48.02:041][868]LogSavePackage:Display: Finished SavePackage ../../../../../../Eugênia/Documents/Unreal Projects/TapperPrototype/Saved/Autosaves/Game/Prototype_Auto1.umap
[2017.05.05-01.48.02:042][868]LogFileHelpers: Editor autosave (incl. sublevels) for '/Game/Prototype' took 0.151
[2017.05.05-01.48.02:042][868]LogFileHelpers: Editor autosave (incl. sublevels) for all levels took 0.151
[2017.05.05-01.48.02:044][868]OBJ SavePackage: Generating thumbnails for [0] asset(s) in package [/Game/Blueprint/OurNewCharacter] ([1] browsable assets)...
[2017.05.05-01.48.02:044][868]OBJ SavePackage: Finished generating thumbnails for package [/Game/Blueprint/OurNewCharacter]
[2017.05.05-01.48.02:079][868]LogSavePackage: Save=31.43ms
[2017.05.05-01.48.02:079][868]LogSavePackage: Moving '../../../../../../Eugênia/Documents/Unreal Projects/TapperPrototype/Saved/OurNewCharacter_Auto145292539424DAB957F5AD9B03AAB7B95.tmp' to '../../../../../../Eugênia/Documents/Unreal Projects/TapperPrototype/Saved/Autosaves/Game/Blueprint/OurNewCharacter_Auto1.uasset'
[2017.05.05-01.48.02:081][868]LogSavePackage:Display: Finished SavePackage ../../../../../../Eugênia/Documents/Unreal Projects/TapperPrototype/Saved/Autosaves/Game/Blueprint/OurNewCharacter_Auto1.uasset
[2017.05.05-01.48.02:081][868]LogFileHelpers: Auto-saving content packages took 0.038
[2017.05.05-01.50.12:688][528]Cmd: OBJ SAVEPACKAGE PACKAGE="/Game/Blueprint/OurNewCharacter" FILE="../../../../../../Eugênia/Documents/Unreal Projects/TapperPrototype/Content/Blueprint/OurNewCharacter.uasset" SILENT=true
[2017.05.05-01.50.12:717][528]LogSavePackage: Save=26.85ms
[2017.05.05-01.50.12:717][528]LogSavePackage: Moving '../../../../../../Eugênia/Documents/Unreal Projects/TapperPrototype/Saved/OurNewCharacter26C7D14C47DBCC1657D5E5B463B691DB.tmp' to '../../../../../../Eugênia/Documents/Unreal Projects/TapperPrototype/Content/Blueprint/OurNewCharacter.uasset'
[2017.05.05-01.50.12:719][528]LogSavePackage:Display: Finished SavePackage ../../../../../../Eugênia/Documents/Unreal Projects/TapperPrototype/Content/Blueprint/OurNewCharacter.uasset
[2017.05.05-01.50.15:972][844]Cmd: OBJ SAVEPACKAGE PACKAGE="/Game/Prototype" FILE="../../../../../../Eugênia/Documents/Unreal Projects/TapperPrototype/Content/Prototype.umap" SILENT=true AUTOSAVING=false KEEPDIRTY=false
[2017.05.05-01.50.16:081][844]LogSavePackage: Save=74.72ms
[2017.05.05-01.50.16:081][844]LogSavePackage: Moving '../../../../../../Eugênia/Documents/Unreal Projects/TapperPrototype/Saved/PrototypeAD8602734DE1BB35118083945C83C3C7.tmp' to '../../../../../../Eugênia/Documents/Unreal Projects/TapperPrototype/Content/Prototype.umap'
[2017.05.05-01.50.16:083][844]LogSavePackage:Display: Finished SavePackage ../../../../../../Eugênia/Documents/Unreal Projects/TapperPrototype/Content/Prototype.umap
[2017.05.05-01.50.29:184][531]LogRenderer: Reallocating scene render targets to support 2040x928 NumSamples 1 (Frame:16579).
[2017.05.05-01.51.10:798][ 94]Cmd: STAT FPS
[2017.05.05-01.51.11:334][144]Cmd: STAT FPS
[2017.05.05-01.54.18:791][710]LogSavePackage: Save=7.71ms
[2017.05.05-01.54.18:792][710]LogSavePackage: Moving '../../../../../../Eugênia/Documents/Unreal Projects/TapperPrototype/Saved/tiles_spritesheet_SpriteF1D07E06449C0ACDBC78B58B4A4F7FD7.tmp' to '../../../../../../Eugênia/Documents/Unreal Projects/TapperPrototype/Content/Sprites/Map/tiles_spritesheet_Sprite.uasset'
[2017.05.05-01.54.18:793][710]LogSavePackage:Display: Finished SavePackage ../../../../../../Eugênia/Documents/Unreal Projects/TapperPrototype/Content/Sprites/Map/tiles_spritesheet_Sprite.uasset
[2017.05.05-01.54.28:401][851]LogSavePackage: Save=3.17ms
[2017.05.05-01.54.28:401][851]LogSavePackage: Moving '../../../../../../Eugênia/Documents/Unreal Projects/TapperPrototype/Saved/tiles_spritesheet_SpriteDF2D58F04AA5ABF3101D16A7CE67BC42.tmp' to '../../../../../../Eugênia/Documents/Unreal Projects/TapperPrototype/Content/Sprites/Map/tiles_spritesheet_Sprite.uasset'
[2017.05.05-01.54.28:402][851]LogSavePackage:Display: Finished SavePackage ../../../../../../Eugênia/Documents/Unreal Projects/TapperPrototype/Content/Sprites/Map/tiles_spritesheet_Sprite.uasset
[2017.05.05-01.55.25:773][675]LogRenderer: Reallocating scene render targets to support 2040x932 NumSamples 1 (Frame:43064).
[2017.05.05-01.55.40:124][249]Cmd: OBJ SAVEPACKAGE PACKAGE="/Game/Sprites/Map/Castle" FILE="../../../../../../Eugênia/Documents/Unreal Projects/TapperPrototype/Content/Sprites/Map/Castle.uasset" SILENT=true
[2017.05.05-01.55.40:127][249]LogSavePackage: Save=1.63ms
[2017.05.05-01.55.40:127][249]LogSavePackage: Moving '../../../../../../Eugênia/Documents/Unreal Projects/TapperPrototype/Saved/Castle81B1CD7E472B6E4AC13C918AE38D816B.tmp' to '../../../../../../Eugênia/Documents/Unreal Projects/TapperPrototype/Content/Sprites/Map/Castle.uasset'
[2017.05.05-01.55.40:128][249]LogSavePackage:Display: Finished SavePackage ../../../../../../Eugênia/Documents/Unreal Projects/TapperPrototype/Content/Sprites/Map/Castle.uasset
[2017.05.05-01.55.54:500][884]LogSavePackage: Save=16.65ms
[2017.05.05-01.55.54:500][884]LogSavePackage: Moving '../../../../../../Eugênia/Documents/Unreal Projects/TapperPrototype/Saved/tiles_spritesheet_TileSet4B5A6D6148EE6A1EB26336AB9B3D3DE9.tmp' to '../../../../../../Eugênia/Documents/Unreal Projects/TapperPrototype/Content/Sprites/Map/tiles_spritesheet_TileSet.uasset'
[2017.05.05-01.55.54:503][884]LogSavePackage:Display: Finished SavePackage ../../../../../../Eugênia/Documents/Unreal Projects/TapperPrototype/Content/Sprites/Map/tiles_spritesheet_TileSet.uasset
[2017.05.05-01.56.21:368][985]Cmd: OBJ SAVEPACKAGE PACKAGE="/Game/Sprites/Map/Castle" FILE="../../../../../../Eugênia/Documents/Unreal Projects/TapperPrototype/Content/Sprites/Map/Castle.uasset" SILENT=true
[2017.05.05-01.56.21:375][985]LogSavePackage: Save=3.15ms
[2017.05.05-01.56.21:375][985]LogSavePackage: Moving '../../../../../../Eugênia/Documents/Unreal Projects/TapperPrototype/Saved/Castle09D1A407450933F7F8B06DB5AEA82C13.tmp' to '../../../../../../Eugênia/Documents/Unreal Projects/TapperPrototype/Content/Sprites/Map/Castle.uasset'
[2017.05.05-01.56.21:376][985]LogSavePackage:Display: Finished SavePackage ../../../../../../Eugênia/Documents/Unreal Projects/TapperPrototype/Content/Sprites/Map/Castle.uasset
[2017.05.05-01.56.28:575][646]Cmd: DELETE
[2017.05.05-01.56.28:575][646]Cmd: ACTOR DELETE
[2017.05.05-01.56.28:602][646]LogEditorActor: Deleted Actor: PaperTileMapActor
[2017.05.05-01.56.28:635][646]LogEditorActor: Deleted 1 Actors (0.040 secs)
[2017.05.05-01.56.38:717][746]Cmd: OBJ SAVEPACKAGE PACKAGE="/Game/Sprites/Map/Castle" FILE="../../../../../../Eugênia/Documents/Unreal Projects/TapperPrototype/Content/Sprites/Map/Castle.uasset" SILENT=true
[2017.05.05-01.56.38:722][746]LogSavePackage: Save=2.59ms
[2017.05.05-01.56.38:722][746]LogSavePackage: Moving '../../../../../../Eugênia/Documents/Unreal Projects/TapperPrototype/Saved/Castle3DF6060F4A20F7B01BCEC2BD24A6A5A8.tmp' to '../../../../../../Eugênia/Documents/Unreal Projects/TapperPrototype/Content/Sprites/Map/Castle.uasset'
[2017.05.05-01.56.38:724][746]LogSavePackage:Display: Finished SavePackage ../../../../../../Eugênia/Documents/Unreal Projects/TapperPrototype/Content/Sprites/Map/Castle.uasset
[2017.05.05-01.56.50:007][982]LogEditorViewport: Clicking Background
[2017.05.05-01.56.52:480][266]LogTemp: Repeting last play command: Selected Viewport
[2017.05.05-01.56.52:493][266]LogBlueprintUserMessages: Early PlayInEditor Detection: Level '/Game/Prototype.Prototype:PersistentLevel' has LevelScriptBlueprint '/Game/Prototype.Prototype:PersistentLevel.Prototype' with GeneratedClass '/Game/Prototype.Prototype_C' with ClassGeneratedBy '/Game/Prototype.Prototype:PersistentLevel.Prototype'
[2017.05.05-01.56.52:493][266]LogPlayLevel: PlayLevel: No blueprints needed recompiling
[2017.05.05-01.56.52:493][266]PIE: New page: PIE session: Prototype (May 4, 2017, 7:56:52 PM)
[2017.05.05-01.56.52:493][266]LogPlayLevel: Creating play world package: /Game/UEDPIE_0_Prototype
[2017.05.05-01.56.52:495][266]LogPlayLevel: PIE: StaticDuplicateObject took: (0.001719s)
[2017.05.05-01.56.52:495][266]LogAIModule: Creating AISystem for world Prototype
[2017.05.05-01.56.52:496][266]LogPlayLevel: PIE: World Init took: (0.000876s)
[2017.05.05-01.56.52:496][266]LogPlayLevel: PIE: Created PIE world by copying editor world from /Game/Prototype.Prototype to /Game/UEDPIE_0_Prototype.Prototype (0.002906s)
[2017.05.05-01.56.52:536][266]LogInit: XAudio2 using 'Headset Earphone (2- Razer Kraken 7.1 Chroma)' : 2 channels at 48 kHz using 16 bits per sample (channel mask 0x3)
[2017.05.05-01.56.52:582][266]LogInit: FAudioDevice initialized.
[2017.05.05-01.56.52:612][266]LogLoad: Game class is 'myGameMode_C'
[2017.05.05-01.56.52:613][266]LogWorld: Bringing World /Game/UEDPIE_0_Prototype.Prototype up for play (max tick rate 0) at 2017.05.04-22.56.52
[2017.05.05-01.56.52:614][266]LogWorld: Bringing up level for play took: 0.001636
[2017.05.05-01.56.52:615][266]PIE: Info Play in editor start time for /Game/UEDPIE_0_Prototype 0.419
[2017.05.05-01.56.52:615][266]LogBlueprintUserMessages: Late PlayInEditor Detection: Level '/Game/Prototype.Prototype:PersistentLevel' has LevelScriptBlueprint '/Game/Prototype.Prototype:PersistentLevel.Prototype' with GeneratedClass '/Game/Prototype.Prototype_C' with ClassGeneratedBy '/Game/Prototype.Prototype:PersistentLevel.Prototype'
[2017.05.05-01.57.02:317][409]LogBlueprintUserMessages: Early EndPlayMap Detection: Level '/Game/Prototype.Prototype:PersistentLevel' has LevelScriptBlueprint '/Game/Prototype.Prototype:PersistentLevel.Prototype' with GeneratedClass '/Game/Prototype.Prototype_C' with ClassGeneratedBy '/Game/Prototype.Prototype:PersistentLevel.Prototype'
[2017.05.05-01.57.02:347][409]LogBlueprintUserMessages: Late EndPlayMap Detection: Level '/Game/Prototype.Prototype:PersistentLevel' has LevelScriptBlueprint '/Game/Prototype.Prototype:PersistentLevel.Prototype' with GeneratedClass '/Game/Prototype.Prototype_C' with ClassGeneratedBy '/Game/Prototype.Prototype:PersistentLevel.Prototype'
[2017.05.05-01.57.03:474][536]LogEditorViewport: Clicking on Actor (LMB): PaperTileMapActor (Castle)
[2017.05.05-01.57.10:316][171]LogTemp: Repeting last play command: Selected Viewport
[2017.05.05-01.57.10:328][171]LogBlueprintUserMessages: Early PlayInEditor Detection: Level '/Game/Prototype.Prototype:PersistentLevel' has LevelScriptBlueprint '/Game/Prototype.Prototype:PersistentLevel.Prototype' with GeneratedClass '/Game/Prototype.Prototype_C' with ClassGeneratedBy '/Game/Prototype.Prototype:PersistentLevel.Prototype'
[2017.05.05-01.57.10:328][171]LogPlayLevel: PlayLevel: No blueprints needed recompiling
[2017.05.05-01.57.10:328][171]PIE: New page: PIE session: Prototype (May 4, 2017, 7:57:10 PM)
[2017.05.05-01.57.10:328][171]LogPlayLevel: Creating play world package: /Game/UEDPIE_0_Prototype
[2017.05.05-01.57.10:330][171]LogPlayLevel: PIE: StaticDuplicateObject took: (0.001509s)
[2017.05.05-01.57.10:330][171]LogAIModule: Creating AISystem for world Prototype
[2017.05.05-01.57.10:330][171]LogPlayLevel: PIE: World Init took: (0.000791s)
[2017.05.05-01.57.10:331][171]LogPlayLevel: PIE: Created PIE world by copying editor world from /Game/Prototype.Prototype to /Game/UEDPIE_0_Prototype.Prototype (0.002621s)
[2017.05.05-01.57.10:368][171]LogInit: XAudio2 using 'Headset Earphone (2- Razer Kraken 7.1 Chroma)' : 2 channels at 48 kHz using 16 bits per sample (channel mask 0x3)
[2017.05.05-01.57.10:411][171]LogInit: FAudioDevice initialized.
[2017.05.05-01.57.10:445][171]LogLoad: Game class is 'myGameMode_C'
[2017.05.05-01.57.10:447][171]LogWorld: Bringing World /Game/UEDPIE_0_Prototype.Prototype up for play (max tick rate 0) at 2017.05.04-22.57.10
[2017.05.05-01.57.10:447][171]LogWorld: Bringing up level for play took: 0.001400
[2017.05.05-01.57.10:448][171]PIE: Info Play in editor start time for /Game/UEDPIE_0_Prototype 0.252
[2017.05.05-01.57.10:448][171]LogBlueprintUserMessages: Late PlayInEditor Detection: Level '/Game/Prototype.Prototype:PersistentLevel' has LevelScriptBlueprint '/Game/Prototype.Prototype:PersistentLevel.Prototype' with GeneratedClass '/Game/Prototype.Prototype_C' with ClassGeneratedBy '/Game/Prototype.Prototype:PersistentLevel.Prototype'
[2017.05.05-01.57.17:022][940]LogBlueprintUserMessages: Early EndPlayMap Detection: Level '/Game/Prototype.Prototype:PersistentLevel' has LevelScriptBlueprint '/Game/Prototype.Prototype:PersistentLevel.Prototype' with GeneratedClass '/Game/Prototype.Prototype_C' with ClassGeneratedBy '/Game/Prototype.Prototype:PersistentLevel.Prototype'
[2017.05.05-01.57.17:073][940]LogBlueprintUserMessages: Late EndPlayMap Detection: Level '/Game/Prototype.Prototype:PersistentLevel' has LevelScriptBlueprint '/Game/Prototype.Prototype:PersistentLevel.Prototype' with GeneratedClass '/Game/Prototype.Prototype_C' with ClassGeneratedBy '/Game/Prototype.Prototype:PersistentLevel.Prototype'
[2017.05.05-01.57.44:417][981]LogTemp: Repeting last play command: Selected Viewport
[2017.05.05-01.57.44:433][981]LogBlueprintUserMessages: Early PlayInEditor Detection: Level '/Game/Prototype.Prototype:PersistentLevel' has LevelScriptBlueprint '/Game/Prototype.Prototype:PersistentLevel.Prototype' with GeneratedClass '/Game/Prototype.Prototype_C' with ClassGeneratedBy '/Game/Prototype.Prototype:PersistentLevel.Prototype'
[2017.05.05-01.57.44:433][981]BlueprintLog: New page: Pre-Play auto-recompile
[2017.05.05-01.57.44:433][981]LogPlayLevel: [PlayLevel] Compiling OurNewCharacter before play...
[2017.05.05-01.57.44:628][981]LogPlayLevel: PlayLevel: Blueprint regeneration took 194 ms (1 blueprints)
[2017.05.05-01.57.44:628][981]PIE: New page: PIE session: Prototype (May 4, 2017, 7:57:44 PM)
[2017.05.05-01.57.44:628][981]LogPlayLevel: Creating play world package: /Game/UEDPIE_0_Prototype
[2017.05.05-01.57.44:629][981]LogPlayLevel: PIE: StaticDuplicateObject took: (0.001190s)
[2017.05.05-01.57.44:630][981]LogAIModule: Creating AISystem for world Prototype
[2017.05.05-01.57.44:630][981]LogPlayLevel: PIE: World Init took: (0.000875s)
[2017.05.05-01.57.44:630][981]LogPlayLevel: PIE: Created PIE world by copying editor world from /Game/Prototype.Prototype to /Game/UEDPIE_0_Prototype.Prototype (0.002330s)
[2017.05.05-01.57.44:659][981]LogInit: XAudio2 using 'Headset Earphone (2- Razer Kraken 7.1 Chroma)' : 2 channels at 48 kHz using 16 bits per sample (channel mask 0x3)
[2017.05.05-01.57.44:702][981]LogInit: FAudioDevice initialized.
[2017.05.05-01.57.44:745][981]LogLoad: Game class is 'myGameMode_C'
[2017.05.05-01.57.44:747][981]LogWorld: Bringing World /Game/UEDPIE_0_Prototype.Prototype up for play (max tick rate 0) at 2017.05.04-22.57.44
[2017.05.05-01.57.44:747][981]LogWorld: Bringing up level for play took: 0.001960
[2017.05.05-01.57.44:748][981]LogGameMode: Warning - PATHS NOT DEFINED or NO PLAYERSTART with positive rating
[2017.05.05-01.57.44:751][981]PIE: Info Play in editor start time for /Game/UEDPIE_0_Prototype 0.555
[2017.05.05-01.57.44:751][981]LogBlueprintUserMessages: Late PlayInEditor Detection: Level '/Game/Prototype.Prototype:PersistentLevel' has LevelScriptBlueprint '/Game/Prototype.Prototype:PersistentLevel.Prototype' with GeneratedClass '/Game/Prototype.Prototype_C' with ClassGeneratedBy '/Game/Prototype.Prototype:PersistentLevel.Prototype'
[2017.05.05-01.57.46:213][147]LogBlueprintUserMessages: Early EndPlayMap Detection: Level '/Game/Prototype.Prototype:PersistentLevel' has LevelScriptBlueprint '/Game/Prototype.Prototype:PersistentLevel.Prototype' with GeneratedClass '/Game/Prototype.Prototype_C' with ClassGeneratedBy '/Game/Prototype.Prototype:PersistentLevel.Prototype'
[2017.05.05-01.57.46:269][147]LogBlueprintUserMessages: Late EndPlayMap Detection: Level '/Game/Prototype.Prototype:PersistentLevel' has LevelScriptBlueprint '/Game/Prototype.Prototype:PersistentLevel.Prototype' with GeneratedClass '/Game/Prototype.Prototype_C' with ClassGeneratedBy '/Game/Prototype.Prototype:PersistentLevel.Prototype'
[2017.05.05-01.57.47:232][258]BlueprintLog: New page: Compile OurNewCharacter
[2017.05.05-01.57.47:855][316]Cmd: OBJ SAVEPACKAGE PACKAGE="/Game/Blueprint/OurNewCharacter" FILE="../../../../../../Eugênia/Documents/Unreal Projects/TapperPrototype/Content/Blueprint/OurNewCharacter.uasset" SILENT=true
[2017.05.05-01.57.47:887][316]LogSavePackage: Save=29.26ms
[2017.05.05-01.57.47:887][316]LogSavePackage: Moving '../../../../../../Eugênia/Documents/Unreal Projects/TapperPrototype/Saved/OurNewCharacter838634604F15FC6ED3E0B4B91025ECC8.tmp' to '../../../../../../Eugênia/Documents/Unreal Projects/TapperPrototype/Content/Blueprint/OurNewCharacter.uasset'
[2017.05.05-01.57.47:889][316]LogSavePackage:Display: Finished SavePackage ../../../../../../Eugênia/Documents/Unreal Projects/TapperPrototype/Content/Blueprint/OurNewCharacter.uasset
[2017.05.05-01.57.49:529][481]LogTemp: Repeting last play command: Selected Viewport
[2017.05.05-01.57.49:540][481]LogBlueprintUserMessages: Early PlayInEditor Detection: Level '/Game/Prototype.Prototype:PersistentLevel' has LevelScriptBlueprint '/Game/Prototype.Prototype:PersistentLevel.Prototype' with GeneratedClass '/Game/Prototype.Prototype_C' with ClassGeneratedBy '/Game/Prototype.Prototype:PersistentLevel.Prototype'
[2017.05.05-01.57.49:540][481]LogPlayLevel: PlayLevel: No blueprints needed recompiling
[2017.05.05-01.57.49:540][481]PIE: New page: PIE session: Prototype (May 4, 2017, 7:57:49 PM)
[2017.05.05-01.57.49:540][481]LogPlayLevel: Creating play world package: /Game/UEDPIE_0_Prototype
[2017.05.05-01.57.49:541][481]LogPlayLevel: PIE: StaticDuplicateObject took: (0.001268s)
[2017.05.05-01.57.49:542][481]LogAIModule: Creating AISystem for world Prototype
[2017.05.05-01.57.49:542][481]LogPlayLevel: PIE: World Init took: (0.000568s)
[2017.05.05-01.57.49:542][481]LogPlayLevel: PIE: Created PIE world by copying editor world from /Game/Prototype.Prototype to /Game/UEDPIE_0_Prototype.Prototype (0.002174s)
[2017.05.05-01.57.49:576][481]LogInit: XAudio2 using 'Headset Earphone (2- Razer Kraken 7.1 Chroma)' : 2 channels at 48 kHz using 16 bits per sample (channel mask 0x3)
[2017.05.05-01.57.49:622][481]LogInit: FAudioDevice initialized.
[2017.05.05-01.57.49:656][481]LogLoad: Game class is 'myGameMode_C'
[2017.05.05-01.57.49:657][481]LogWorld: Bringing World /Game/UEDPIE_0_Prototype.Prototype up for play (max tick rate 0) at 2017.05.04-22.57.49
[2017.05.05-01.57.49:657][481]LogWorld: Bringing up level for play took: 0.001412
[2017.05.05-01.57.49:658][481]PIE: Info Play in editor start time for /Game/UEDPIE_0_Prototype -0.537
[2017.05.05-01.57.49:658][481]LogBlueprintUserMessages: Late PlayInEditor Detection: Level '/Game/Prototype.Prototype:PersistentLevel' has LevelScriptBlueprint '/Game/Prototype.Prototype:PersistentLevel.Prototype' with GeneratedClass '/Game/Prototype.Prototype_C' with ClassGeneratedBy '/Game/Prototype.Prototype:PersistentLevel.Prototype'
[2017.05.05-01.57.57:096][361]LogBlueprintUserMessages: Early EndPlayMap Detection: Level '/Game/Prototype.Prototype:PersistentLevel' has LevelScriptBlueprint '/Game/Prototype.Prototype:PersistentLevel.Prototype' with GeneratedClass '/Game/Prototype.Prototype_C' with ClassGeneratedBy '/Game/Prototype.Prototype:PersistentLevel.Prototype'
[2017.05.05-01.57.57:144][361]LogBlueprintUserMessages: Late EndPlayMap Detection: Level '/Game/Prototype.Prototype:PersistentLevel' has LevelScriptBlueprint '/Game/Prototype.Prototype:PersistentLevel.Prototype' with GeneratedClass '/Game/Prototype.Prototype_C' with ClassGeneratedBy '/Game/Prototype.Prototype:PersistentLevel.Prototype'
[2017.05.05-02.02.09:347][537]Cmd: TRANSACTION UNDO
[2017.05.05-02.02.09:347][537]LogEditorTransaction: Undo Add Box Shape
[2017.05.05-02.02.11:548][776]LogSavePackage: Save=7.45ms
[2017.05.05-02.02.11:548][776]LogSavePackage: Moving '../../../../../../Eugênia/Documents/Unreal Projects/TapperPrototype/Saved/tiles_spritesheet_Sprite2F8105F54454340C080D68D8CFACDFFFA.tmp' to '../../../../../../Eugênia/Documents/Unreal Projects/TapperPrototype/Content/Sprites/Map/tiles_spritesheet_Sprite2.uasset'
[2017.05.05-02.02.11:550][776]LogSavePackage:Display: Finished SavePackage ../../../../../../Eugênia/Documents/Unreal Projects/TapperPrototype/Content/Sprites/Map/tiles_spritesheet_Sprite2.uasset
[2017.05.05-02.02.19:706][581]Cmd: OBJ SAVEPACKAGE PACKAGE="/Game/Sprites/Map/CastleSprite" FILE="../../../../../../Eugênia/Documents/Unreal Projects/TapperPrototype/Content/Sprites/Map/CastleSprite.uasset" SILENT=true
[2017.05.05-02.02.19:713][581]LogSavePackage: Save=6.21ms
[2017.05.05-02.02.19:713][581]LogSavePackage: Moving '../../../../../../Eugênia/Documents/Unreal Projects/TapperPrototype/Saved/CastleSprite1A998F1B47513D6A84708B9E980D6A6D.tmp' to '../../../../../../Eugênia/Documents/Unreal Projects/TapperPrototype/Content/Sprites/Map/CastleSprite.uasset'
[2017.05.05-02.02.19:714][581]LogSavePackage:Display: Finished SavePackage ../../../../../../Eugênia/Documents/Unreal Projects/TapperPrototype/Content/Sprites/Map/CastleSprite.uasset
[2017.05.05-02.02.25:407][930]LogActorComponent: UnregisterComponent: (/Engine/Transient.EditorFloorComp) Not registered. Aborting.
[2017.05.05-02.02.29:523][266]Cmd: OBJ SAVEPACKAGE PACKAGE="/Game/Prototype" FILE="../../../../../../Eugênia/Documents/Unreal Projects/TapperPrototype/Content/Prototype.umap" SILENT=true AUTOSAVING=false KEEPDIRTY=false
[2017.05.05-02.02.29:630][266]LogSavePackage: Save=74.77ms
[2017.05.05-02.02.29:630][266]LogSavePackage: Moving '../../../../../../Eugênia/Documents/Unreal Projects/TapperPrototype/Saved/Prototype84C7EF96455E8069C59A9FB94D2DF456.tmp' to '../../../../../../Eugênia/Documents/Unreal Projects/TapperPrototype/Content/Prototype.umap'
[2017.05.05-02.02.29:631][266]LogSavePackage:Display: Finished SavePackage ../../../../../../Eugênia/Documents/Unreal Projects/TapperPrototype/Content/Prototype.umap
[2017.05.05-02.02.36:784][865]BlueprintLog: New page: Compile Castle
[2017.05.05-02.03.19:746][849]LogEditorTransaction: Undo Modify Component(s)
[2017.05.05-02.03.23:033][199]LogEditorTransaction: Undo Modify Component(s)
[2017.05.05-02.03.41:696][506]LogEditorTransaction: Undo Modify Component(s)
[2017.05.05-02.03.44:802][841]Cmd: MODE GRID=0
[2017.05.05-02.03.49:144][348]Cmd: MODE GRID=1
[2017.05.05-02.05.02:557][885]LogEditorTransaction: Undo Modify Component(s)
[2017.05.05-02.05.56:033][184]Cmd: OBJ SAVEPACKAGE PACKAGE="/Game/Blueprint/Castle" FILE="../../../../../../Eugênia/Documents/Unreal Projects/TapperPrototype/Content/Blueprint/Castle.uasset" SILENT=true
